# JRE version: Java(TM) SE Runtime Environment (8.0_101-b13) (build 1.8.0_101-b13)
# Java VM: Java HotSpot(TM) 64-Bit Server VM (25.101-b13 mixed mode linux-amd64 compressed oops)
Heap:
 PSYoungGen      total 316928K, used 201884K [0x00000000e7000000, 0x0000000100000000, 0x0000000100000000)
  eden space 220160K, 79% used [0x00000000e7000000,0x00000000f1bf8680,0x00000000f4700000)
  from space 96768K, 26% used [0x00000000fa180000,0x00000000fbaaebe8,0x0000000100000000)
  to   space 92672K, 0% used [0x00000000f4700000,0x00000000f4700000,0x00000000fa180000)
 ParOldGen       total 223744K, used 139385K [0x00000000b5000000, 0x00000000c2a80000, 0x00000000e7000000)
  object space 223744K, 62% used [0x00000000b5000000,0x00000000bd81e410,0x00000000c2a80000)
 Metaspace       used 98016K, capacity 109322K, committed 109696K, reserved 1144832K
  class space    used 11475K, capacity 14868K, committed 14976K, reserved 1048576K
GC Heap History (10 events):
Event: 142,163 GC heap before
{Heap before GC invocations=28 (full 7):
 PSYoungGen      total 284160K, used 229888K [0x00000000e7000000, 0x00000000ffb00000, 0x0000000100000000)
  eden space 229888K, 100% used [0x00000000e7000000,0x00000000f5080000,0x00000000f5080000)
  from space 54272K, 0% used [0x00000000f5080000,0x00000000f5080000,0x00000000f8580000)
  to   space 72704K, 0% used [0x00000000fb400000,0x00000000fb400000,0x00000000ffb00000)
 ParOldGen       total 223744K, used 139345K [0x00000000b5000000, 0x00000000c2a80000, 0x00000000e7000000)
  object space 223744K, 62% used [0x00000000b5000000,0x00000000bd814410,0x00000000c2a80000)
 Metaspace       used 69050K, capacity 77180K, committed 77440K, reserved 1116160K
  class space    used 7876K, capacity 10339K, committed 10368K, reserved 1048576K
Event: 142,294 GC heap after
Heap after GC invocations=28 (full 7):
 PSYoungGen      total 331264K, used 38360K [0x00000000e7000000, 0x00000000ffc00000, 0x0000000100000000)
  eden space 258560K, 0% used [0x00000000e7000000,0x00000000e7000000,0x00000000f6c80000)
  from space 72704K, 52% used [0x00000000fb400000,0x00000000fd9761e8,0x00000000ffb00000)
  to   space 73216K, 0% used [0x00000000f6c80000,0x00000000f6c80000,0x00000000fb400000)
 ParOldGen       total 223744K, used 139353K [0x00000000b5000000, 0x00000000c2a80000, 0x00000000e7000000)
  object space 223744K, 62% used [0x00000000b5000000,0x00000000bd816410,0x00000000c2a80000)
 Metaspace       used 69050K, capacity 77180K, committed 77440K, reserved 1116160K
  class space    used 7876K, capacity 10339K, committed 10368K, reserved 1048576K
}
Event: 160,241 GC heap before
{Heap before GC invocations=29 (full 7):
 PSYoungGen      total 331264K, used 296920K [0x00000000e7000000, 0x00000000ffc00000, 0x0000000100000000)
  eden space 258560K, 100% used [0x00000000e7000000,0x00000000f6c80000,0x00000000f6c80000)
  from space 72704K, 52% used [0x00000000fb400000,0x00000000fd9761e8,0x00000000ffb00000)
  to   space 73216K, 0% used [0x00000000f6c80000,0x00000000f6c80000,0x00000000fb400000)
 ParOldGen       total 223744K, used 139353K [0x00000000b5000000, 0x00000000c2a80000, 0x00000000e7000000)
  object space 223744K, 62% used [0x00000000b5000000,0x00000000bd816410,0x00000000c2a80000)
 Metaspace       used 83932K, capacity 93718K, committed 93824K, reserved 1130496K
  class space    used 9834K, capacity 12666K, committed 12672K, reserved 1048576K
Event: 160,334 GC heap after
Heap after GC invocations=29 (full 7):
 PSYoungGen      total 320000K, used 60972K [0x00000000e7000000, 0x0000000100000000, 0x0000000100000000)
  eden space 258560K, 0% used [0x00000000e7000000,0x00000000e7000000,0x00000000f6c80000)
  from space 61440K, 99% used [0x00000000f6c80000,0x00000000fa80b058,0x00000000fa880000)
  to   space 81408K, 0% used [0x00000000fb080000,0x00000000fb080000,0x0000000100000000)
 ParOldGen       total 223744K, used 139361K [0x00000000b5000000, 0x00000000c2a80000, 0x00000000e7000000)
  object space 223744K, 62% used [0x00000000b5000000,0x00000000bd818410,0x00000000c2a80000)
 Metaspace       used 83932K, capacity 93718K, committed 93824K, reserved 1130496K
  class space    used 9834K, capacity 12666K, committed 12672K, reserved 1048576K
}
Event: 189,629 GC heap before
{Heap before GC invocations=30 (full 7):
 PSYoungGen      total 320000K, used 319532K [0x00000000e7000000, 0x0000000100000000, 0x0000000100000000)
  eden space 258560K, 100% used [0x00000000e7000000,0x00000000f6c80000,0x00000000f6c80000)
  from space 61440K, 99% used [0x00000000f6c80000,0x00000000fa80b058,0x00000000fa880000)
  to   space 81408K, 0% used [0x00000000fb080000,0x00000000fb080000,0x0000000100000000)
 ParOldGen       total 223744K, used 139361K [0x00000000b5000000, 0x00000000c2a80000, 0x00000000e7000000)
  object space 223744K, 62% used [0x00000000b5000000,0x00000000bd818410,0x00000000c2a80000)
 Metaspace       used 94296K, capacity 105044K, committed 105088K, reserved 1140736K
  class space    used 11155K, capacity 14420K, committed 14464K, reserved 1048576K
Event: 189,775 GC heap after
Heap after GC invocations=30 (full 7):
 PSYoungGen      total 308736K, used 68991K [0x00000000e7000000, 0x0000000100000000, 0x0000000100000000)
  eden space 227328K, 0% used [0x00000000e7000000,0x00000000e7000000,0x00000000f4e00000)
  from space 81408K, 84% used [0x00000000fb080000,0x00000000ff3dfda0,0x0000000100000000)
  to   space 91136K, 0% used [0x00000000f4e00000,0x00000000f4e00000,0x00000000fa700000)
 ParOldGen       total 223744K, used 139369K [0x00000000b5000000, 0x00000000c2a80000, 0x00000000e7000000)
  object space 223744K, 62% used [0x00000000b5000000,0x00000000bd81a410,0x00000000c2a80000)
 Metaspace       used 94296K, capacity 105044K, committed 105088K, reserved 1140736K
  class space    used 11155K, capacity 14420K, committed 14464K, reserved 1048576K
}
Event: 1656,979 GC heap before
{Heap before GC invocations=31 (full 7):
 PSYoungGen      total 308736K, used 296319K [0x00000000e7000000, 0x0000000100000000, 0x0000000100000000)
  eden space 227328K, 100% used [0x00000000e7000000,0x00000000f4e00000,0x00000000f4e00000)
  from space 81408K, 84% used [0x00000000fb080000,0x00000000ff3dfda0,0x0000000100000000)
  to   space 91136K, 0% used [0x00000000f4e00000,0x00000000f4e00000,0x00000000fa700000)
 ParOldGen       total 223744K, used 139369K [0x00000000b5000000, 0x00000000c2a80000, 0x00000000e7000000)
  object space 223744K, 62% used [0x00000000b5000000,0x00000000bd81a410,0x00000000c2a80000)
 Metaspace       used 97034K, capacity 108224K, committed 108544K, reserved 1142784K
  class space    used 11384K, capacity 14749K, committed 14848K, reserved 1048576K
Event: 1657,061 GC heap after
Heap after GC invocations=31 (full 7):
 PSYoungGen      total 291840K, used 64445K [0x00000000e7000000, 0x0000000100000000, 0x0000000100000000)
  eden space 227328K, 0% used [0x00000000e7000000,0x00000000e7000000,0x00000000f4e00000)
  from space 64512K, 99% used [0x00000000f4e00000,0x00000000f8cef468,0x00000000f8d00000)
  to   space 96768K, 0% used [0x00000000fa180000,0x00000000fa180000,0x0000000100000000)
 ParOldGen       total 223744K, used 139377K [0x00000000b5000000, 0x00000000c2a80000, 0x00000000e7000000)
  object space 223744K, 62% used [0x00000000b5000000,0x00000000bd81c410,0x00000000c2a80000)
 Metaspace       used 97034K, capacity 108224K, committed 108544K, reserved 1142784K
  class space    used 11384K, capacity 14749K, committed 14848K, reserved 1048576K
}
Event: 1807,233 GC heap before
{Heap before GC invocations=32 (full 7):
 PSYoungGen      total 291840K, used 291773K [0x00000000e7000000, 0x0000000100000000, 0x0000000100000000)
  eden space 227328K, 100% used [0x00000000e7000000,0x00000000f4e00000,0x00000000f4e00000)
  from space 64512K, 99% used [0x00000000f4e00000,0x00000000f8cef468,0x00000000f8d00000)
  to   space 96768K, 0% used [0x00000000fa180000,0x00000000fa180000,0x0000000100000000)
 ParOldGen       total 223744K, used 139377K [0x00000000b5000000, 0x00000000c2a80000, 0x00000000e7000000)
  object space 223744K, 62% used [0x00000000b5000000,0x00000000bd81c410,0x00000000c2a80000)
 Metaspace       used 97875K, capacity 109252K, committed 109440K, reserved 1144832K
  class space    used 11471K, capacity 14867K, committed 14976K, reserved 1048576K
Event: 1807,293 GC heap after
Heap after GC invocations=32 (full 7):
 PSYoungGen      total 316928K, used 25786K [0x00000000e7000000, 0x0000000100000000, 0x0000000100000000)
  eden space 220160K, 0% used [0x00000000e7000000,0x00000000e7000000,0x00000000f4700000)
  from space 96768K, 26% used [0x00000000fa180000,0x00000000fbaaebe8,0x0000000100000000)
  to   space 92672K, 0% used [0x00000000f4700000,0x00000000f4700000,0x00000000fa180000)
 ParOldGen       total 223744K, used 139385K [0x00000000b5000000, 0x00000000c2a80000, 0x00000000e7000000)
  object space 223744K, 62% used [0x00000000b5000000,0x00000000bd81e410,0x00000000c2a80000)
 Metaspace       used 97875K, capacity 109252K, committed 109440K, reserved 1144832K
  class space    used 11471K, capacity 14867K, committed 14976K, reserved 1048576K
}

